<?xml version="1.0" encoding="UTF-8"?>
<!-- Generated by org.testng.reporters.JUnitReportReporter -->
<testsuite hostname="ERROR" failures="0" tests="1" name="Sausedemo.AddItemToCart" time="9.089" errors="0" timestamp="2024-03-07T01:41:16 EET" skipped="0">
  <testcase classname="Sausedemo.AddItemToCart" name="addToCart" time="9.089"/>
  <system-out/>
</testsuite> <!-- Sausedemo.AddItemToCart -->
