<?xml version="1.0" encoding="UTF-8"?>
<!-- Generated by org.testng.reporters.JUnitReportReporter -->
<testsuite hostname="ERROR" failures="0" tests="1" name="Sausedemo.AddItemToCart" time="12.998" errors="0" timestamp="2024-03-09T01:53:36 EET" skipped="0">
  <testcase classname="Sausedemo.AddItemToCart" name="addToCart" time="12.998"/>
  <system-out/>
</testsuite> <!-- Sausedemo.AddItemToCart -->
